0 info it worked if it ends with ok
1 verbose cli [ '/Users/jonlucadecaro/.nvm/versions/node/v6.11.3/bin/node',
1 verbose cli   '/Users/jonlucadecaro/.nvm/versions/node/v6.11.3/bin/npm',
1 verbose cli   'dedupe' ]
2 info using npm@3.10.10
3 info using node@v6.11.3
4 silly loadCurrentTree Starting
5 silly install loadCurrentTree
6 silly install readLocalPackageData
7 silly dedupe normalizeTree
8 silly install normalizeTree
9 silly loadCurrentTree Finishing
10 silly loadIdealTree Starting
11 silly install loadIdealTree
12 silly cloneCurrentTree Starting
13 silly install cloneCurrentTreeToIdealTree
14 silly cloneCurrentTree Finishing
15 silly loadAllDepsIntoIdealTree Starting
16 silly loadAllDepsIntoIdealTree Finishing
17 silly loadIdealTree Finishing
18 silly currentTree UberOrLyft@1.0.0
18 silly currentTree ├── accepts
18 silly currentTree ├─┬ agent-base@2.1.1
18 silly currentTree │ └── extend@3.0.1
18 silly currentTree ├── ajv
18 silly currentTree ├── array-flatten
18 silly currentTree ├── asn1
18 silly currentTree ├── assert-plus
18 silly currentTree ├── ast-types@0.9.13
18 silly currentTree ├── asynckit
18 silly currentTree ├── aws-sign2
18 silly currentTree ├── aws4
18 silly currentTree ├─┬ babel-polyfill@6.26.0
18 silly currentTree │ ├─┬ babel-runtime@6.26.0
18 silly currentTree │ │ └── regenerator-runtime@0.11.0
18 silly currentTree │ ├── core-js@2.5.1
18 silly currentTree │ └── regenerator-runtime@0.10.5
18 silly currentTree ├── babel-runtime
18 silly currentTree ├── bcrypt-pbkdf
18 silly currentTree ├── bluebird
18 silly currentTree ├─┬ body-parser@1.18.2
18 silly currentTree │ ├── bytes@3.0.0
18 silly currentTree │ ├── content-type@1.0.4
18 silly currentTree │ ├── debug@2.6.9
18 silly currentTree │ ├── depd@1.1.1
18 silly currentTree │ ├── ee-first@1.1.1
18 silly currentTree │ ├── http-errors@1.6.2
18 silly currentTree │ ├── iconv-lite@0.4.19
18 silly currentTree │ ├── inherits@2.0.3
18 silly currentTree │ ├── media-typer@0.3.0
18 silly currentTree │ ├── mime-db@1.30.0
18 silly currentTree │ ├── mime-types@2.1.17
18 silly currentTree │ ├── ms@2.0.0
18 silly currentTree │ ├── on-finished@2.3.0
18 silly currentTree │ ├── qs@6.5.1
18 silly currentTree │ ├── raw-body@2.3.2
18 silly currentTree │ ├── setprototypeof@1.0.3
18 silly currentTree │ ├── statuses@1.3.1
18 silly currentTree │ ├── type-is@1.6.15
18 silly currentTree │ └── unpipe@1.0.0
18 silly currentTree ├── boom
18 silly currentTree ├── bytes
18 silly currentTree ├── caseless
18 silly currentTree ├── co
18 silly currentTree ├── combined-stream
18 silly currentTree ├── content-disposition
18 silly currentTree ├── content-type
18 silly currentTree ├── cookie
18 silly currentTree ├── cookie-signature
18 silly currentTree ├── core-js
18 silly currentTree ├── core-util-is@1.0.2
18 silly currentTree ├── cryptiles
18 silly currentTree ├─┬ dashdash
18 silly currentTree │ └── assert-plus
18 silly currentTree ├── data-uri-to-buffer@1.2.0
18 silly currentTree ├── debug
18 silly currentTree ├── deep-is@0.1.3
18 silly currentTree ├── degenerator@1.0.4
18 silly currentTree ├── delayed-stream
18 silly currentTree ├── depd
18 silly currentTree ├── destroy
18 silly currentTree ├── dotenv
18 silly currentTree ├── ecc-jsbn
18 silly currentTree ├── ee-first
18 silly currentTree ├── ejs@2.5.7
18 silly currentTree ├── encodeurl
18 silly currentTree ├── enumify
18 silly currentTree ├── es6-promise@4.1.1
18 silly currentTree ├── es6-promisify@5.0.0
18 silly currentTree ├── escape-html
18 silly currentTree ├── escodegen@1.9.0
18 silly currentTree ├── esprima@3.1.3
18 silly currentTree ├── estraverse@4.2.0
18 silly currentTree ├── esutils@2.0.2
18 silly currentTree ├── etag
18 silly currentTree ├─┬ express@4.16.1
18 silly currentTree │ ├── accepts@1.3.4
18 silly currentTree │ ├── array-flatten@1.1.1
18 silly currentTree │ ├── content-disposition@0.5.2
18 silly currentTree │ ├── content-type@1.0.4
18 silly currentTree │ ├── cookie-signature@1.0.6
18 silly currentTree │ ├── cookie@0.3.1
18 silly currentTree │ ├── debug@2.6.9
18 silly currentTree │ ├── depd@1.1.1
18 silly currentTree │ ├── destroy@1.0.4
18 silly currentTree │ ├── ee-first@1.1.1
18 silly currentTree │ ├── encodeurl@1.0.1
18 silly currentTree │ ├── escape-html@1.0.3
18 silly currentTree │ ├── etag@1.8.1
18 silly currentTree │ ├── finalhandler@1.1.0
18 silly currentTree │ ├── forwarded@0.1.2
18 silly currentTree │ ├── fresh@0.5.2
18 silly currentTree │ ├─┬ http-errors@1.6.2
18 silly currentTree │ │ └── setprototypeof@1.0.3
18 silly currentTree │ ├── inherits@2.0.3
18 silly currentTree │ ├── ipaddr.js@1.5.2
18 silly currentTree │ ├── media-typer@0.3.0
18 silly currentTree │ ├── merge-descriptors@1.0.1
18 silly currentTree │ ├── methods@1.1.2
18 silly currentTree │ ├── mime-db@1.30.0
18 silly currentTree │ ├── mime-types@2.1.17
18 silly currentTree │ ├── mime@1.4.1
18 silly currentTree │ ├── ms@2.0.0
18 silly currentTree │ ├── negotiator@0.6.1
18 silly currentTree │ ├── on-finished@2.3.0
18 silly currentTree │ ├── parseurl@1.3.2
18 silly currentTree │ ├── path-to-regexp@0.1.7
18 silly currentTree │ ├── proxy-addr@2.0.2
18 silly currentTree │ ├── qs@6.5.1
18 silly currentTree │ ├── range-parser@1.2.0
18 silly currentTree │ ├── safe-buffer@5.1.1
18 silly currentTree │ ├── send@0.16.1
18 silly currentTree │ ├── serve-static@1.13.1
18 silly currentTree │ ├── setprototypeof@1.1.0
18 silly currentTree │ ├── statuses@1.3.1
18 silly currentTree │ ├── type-is@1.6.15
18 silly currentTree │ ├── unpipe@1.0.0
18 silly currentTree │ ├── utils-merge@1.0.1
18 silly currentTree │ └── vary@1.1.2
18 silly currentTree ├── extend
18 silly currentTree ├── extsprintf
18 silly currentTree ├── fast-deep-equal@1.0.0
18 silly currentTree ├── fast-levenshtein@2.0.6
18 silly currentTree ├── file-uri-to-path@1.0.0
18 silly currentTree ├─┬ finalhandler
18 silly currentTree │ └── debug
18 silly currentTree ├── forever-agent
18 silly currentTree ├── form-data
18 silly currentTree ├── forwarded
18 silly currentTree ├── fresh
18 silly currentTree ├─┬ ftp@0.3.10
18 silly currentTree │ ├── inherits@2.0.3
18 silly currentTree │ └── readable-stream@1.1.14
18 silly currentTree ├── geocoder
18 silly currentTree ├─┬ get-uri@2.0.1
18 silly currentTree │ ├── debug@2.6.9
18 silly currentTree │ ├── extend@3.0.1
18 silly currentTree │ └── ms@2.0.0
18 silly currentTree ├─┬ getpass
18 silly currentTree │ └── assert-plus
18 silly currentTree ├── har-schema
18 silly currentTree ├── har-validator
18 silly currentTree ├── hawk
18 silly currentTree ├── hoek
18 silly currentTree ├── http-errors
18 silly currentTree ├─┬ http-proxy-agent@1.0.0
18 silly currentTree │ ├── debug@2.6.9
18 silly currentTree │ ├── extend@3.0.1
18 silly currentTree │ └── ms@2.0.0
18 silly currentTree ├── http-signature
18 silly currentTree ├─┬ https-proxy-agent@1.0.0
18 silly currentTree │ ├── debug@2.6.9
18 silly currentTree │ ├── extend@3.0.1
18 silly currentTree │ └── ms@2.0.0
18 silly currentTree ├── iconv-lite
18 silly currentTree ├── immutable
18 silly currentTree ├── inherits
18 silly currentTree ├── ip@1.1.5
18 silly currentTree ├── ipaddr.js
18 silly currentTree ├── is-typedarray
18 silly currentTree ├── isarray@0.0.1
18 silly currentTree ├── isstream
18 silly currentTree ├── jodid25519
18 silly currentTree ├── jsbn
18 silly currentTree ├── json-schema
18 silly currentTree ├── json-schema-traverse@0.3.1
18 silly currentTree ├─┬ json-stable-stringify
18 silly currentTree │ └── jsonify
18 silly currentTree ├── json-stringify-safe
18 silly currentTree ├── jsonify
18 silly currentTree ├─┬ jsprim
18 silly currentTree │ └── assert-plus
18 silly currentTree ├── levn@0.3.0
18 silly currentTree ├── lodash
18 silly currentTree ├── lru-cache@2.6.5
18 silly currentTree ├─┬ lyft-node@0.0.5
18 silly currentTree │ ├── ajv@5.2.3
18 silly currentTree │ ├── asn1@0.2.3
18 silly currentTree │ ├── assert-plus@1.0.0
18 silly currentTree │ ├── asynckit@0.4.0
18 silly currentTree │ ├── aws-sign2@0.7.0
18 silly currentTree │ ├── aws4@1.6.0
18 silly currentTree │ ├── bcrypt-pbkdf@1.0.1
18 silly currentTree │ ├── bluebird@3.5.1
18 silly currentTree │ ├── boom@4.3.1
18 silly currentTree │ ├── caseless@0.12.0
18 silly currentTree │ ├── co@4.6.0
18 silly currentTree │ ├── combined-stream@1.0.5
18 silly currentTree │ ├─┬ cryptiles@3.1.2
18 silly currentTree │ │ └── boom@5.2.0
18 silly currentTree │ ├── dashdash@1.14.1
18 silly currentTree │ ├── delayed-stream@1.0.0
18 silly currentTree │ ├── dotenv@2.0.0
18 silly currentTree │ ├── ecc-jsbn@0.1.1
18 silly currentTree │ ├── enumify@1.0.4
18 silly currentTree │ ├── extend@3.0.1
18 silly currentTree │ ├── extsprintf@1.3.0
18 silly currentTree │ ├── forever-agent@0.6.1
18 silly currentTree │ ├── form-data@2.3.1
18 silly currentTree │ ├── getpass@0.1.7
18 silly currentTree │ ├── har-schema@2.0.0
18 silly currentTree │ ├── har-validator@5.0.3
18 silly currentTree │ ├── hawk@6.0.2
18 silly currentTree │ ├── hoek@4.2.0
18 silly currentTree │ ├── http-signature@1.2.0
18 silly currentTree │ ├── immutable@3.8.1
18 silly currentTree │ ├── is-typedarray@1.0.0
18 silly currentTree │ ├── isstream@0.1.2
18 silly currentTree │ ├── jsbn@0.1.1
18 silly currentTree │ ├── json-schema@0.2.3
18 silly currentTree │ ├── json-stable-stringify@1.0.1
18 silly currentTree │ ├── json-stringify-safe@5.0.1
18 silly currentTree │ ├── jsonify@0.0.0
18 silly currentTree │ ├── jsprim@1.4.1
18 silly currentTree │ ├── lodash@4.17.4
18 silly currentTree │ ├── mime-db@1.30.0
18 silly currentTree │ ├── mime-types@2.1.17
18 silly currentTree │ ├── oauth-sign@0.8.2
18 silly currentTree │ ├── performance-now@2.1.0
18 silly currentTree │ ├── punycode@1.4.1
18 silly currentTree │ ├── qs@6.5.1
18 silly currentTree │ ├── request-promise-core@1.1.1
18 silly currentTree │ ├── request-promise@4.1.1
18 silly currentTree │ ├── request@2.83.0
18 silly currentTree │ ├── safe-buffer@5.1.1
18 silly currentTree │ ├── sntp@2.0.2
18 silly currentTree │ ├── sshpk@1.13.1
18 silly currentTree │ ├── stealthy-require@1.1.1
18 silly currentTree │ ├── stringstream@0.0.5
18 silly currentTree │ ├── tough-cookie@2.3.3
18 silly currentTree │ ├── tunnel-agent@0.6.0
18 silly currentTree │ ├── tweetnacl@0.14.5
18 silly currentTree │ ├── uuid@3.1.0
18 silly currentTree │ └── verror@1.10.0
18 silly currentTree ├── media-typer
18 silly currentTree ├── merge-descriptors
18 silly currentTree ├── methods
18 silly currentTree ├── mime
18 silly currentTree ├── mime-db
18 silly currentTree ├── mime-types
18 silly currentTree ├── ms
18 silly currentTree ├── negotiator
18 silly currentTree ├── netmask@1.0.6
18 silly currentTree ├─┬ node-uber@2.0.0
18 silly currentTree │ ├── ajv@5.2.3
18 silly currentTree │ ├── asn1@0.2.3
18 silly currentTree │ ├── assert-plus@1.0.0
18 silly currentTree │ ├── asynckit@0.4.0
18 silly currentTree │ ├── aws-sign2@0.7.0
18 silly currentTree │ ├── aws4@1.6.0
18 silly currentTree │ ├── bcrypt-pbkdf@1.0.1
18 silly currentTree │ ├── bluebird@3.5.1
18 silly currentTree │ ├── boom@4.3.1
18 silly currentTree │ ├── caseless@0.12.0
18 silly currentTree │ ├── co@4.6.0
18 silly currentTree │ ├── combined-stream@1.0.5
18 silly currentTree │ ├─┬ cryptiles@3.1.2
18 silly currentTree │ │ └── boom@5.2.0
18 silly currentTree │ ├── dashdash@1.14.1
18 silly currentTree │ ├── delayed-stream@1.0.0
18 silly currentTree │ ├── ecc-jsbn@0.1.1
18 silly currentTree │ ├── extend@3.0.1
18 silly currentTree │ ├── extsprintf@1.3.0
18 silly currentTree │ ├── forever-agent@0.6.1
18 silly currentTree │ ├── form-data@2.3.1
18 silly currentTree │ ├── geocoder@0.2.3
18 silly currentTree │ ├── getpass@0.1.7
18 silly currentTree │ ├── har-schema@2.0.0
18 silly currentTree │ ├── har-validator@5.0.3
18 silly currentTree │ ├── hawk@6.0.2
18 silly currentTree │ ├── hoek@4.2.0
18 silly currentTree │ ├── http-signature@1.2.0
18 silly currentTree │ ├── is-typedarray@1.0.0
18 silly currentTree │ ├── isstream@0.1.2
18 silly currentTree │ ├── jsbn@0.1.1
18 silly currentTree │ ├── json-schema@0.2.3
18 silly currentTree │ ├── json-stable-stringify@1.0.1
18 silly currentTree │ ├── json-stringify-safe@5.0.1
18 silly currentTree │ ├── jsonify@0.0.0
18 silly currentTree │ ├── jsprim@1.4.1
18 silly currentTree │ ├── mime-db@1.30.0
18 silly currentTree │ ├── mime-types@2.1.17
18 silly currentTree │ ├── oauth-sign@0.8.2
18 silly currentTree │ ├── oauth@0.9.15
18 silly currentTree │ ├── performance-now@2.1.0
18 silly currentTree │ ├── punycode@1.4.1
18 silly currentTree │ ├── qs@6.5.1
18 silly currentTree │ ├── request@2.83.0
18 silly currentTree │ ├── safe-buffer@5.1.1
18 silly currentTree │ ├── sax@1.2.4
18 silly currentTree │ ├── sntp@2.0.2
18 silly currentTree │ ├── sshpk@1.13.1
18 silly currentTree │ ├── stringstream@0.0.5
18 silly currentTree │ ├── tough-cookie@2.3.3
18 silly currentTree │ ├── tunnel-agent@0.6.0
18 silly currentTree │ ├── tweetnacl@0.14.5
18 silly currentTree │ ├── underscore@1.3.3
18 silly currentTree │ ├── uuid@3.1.0
18 silly currentTree │ ├── verror@1.10.0
18 silly currentTree │ └── xml2js@0.2.0
18 silly currentTree ├── oauth
18 silly currentTree ├── oauth-sign
18 silly currentTree ├── on-finished
18 silly currentTree ├── optionator@0.8.2
18 silly currentTree ├─┬ pac-proxy-agent@2.0.0
18 silly currentTree │ ├── bytes@3.0.0
18 silly currentTree │ ├── debug@2.6.9
18 silly currentTree │ ├── depd@1.1.1
18 silly currentTree │ ├── http-errors@1.6.2
18 silly currentTree │ ├── iconv-lite@0.4.19
18 silly currentTree │ ├── inherits@2.0.3
18 silly currentTree │ ├── ms@2.0.0
18 silly currentTree │ ├── raw-body@2.3.2
18 silly currentTree │ ├── setprototypeof@1.0.3
18 silly currentTree │ ├─┬ socks-proxy-agent@3.0.1
18 silly currentTree │ │ └── agent-base@4.1.1
18 silly currentTree │ ├── statuses@1.3.1
18 silly currentTree │ └── unpipe@1.0.0
18 silly currentTree ├─┬ pac-resolver@3.0.0
18 silly currentTree │ └── co@4.6.0
18 silly currentTree ├── parseurl
18 silly currentTree ├── path-to-regexp
18 silly currentTree ├─┬ path@0.12.7
18 silly currentTree │ ├── inherits@2.0.1
18 silly currentTree │ ├── process@0.11.10
18 silly currentTree │ └── util@0.10.3
18 silly currentTree ├── performance-now
18 silly currentTree ├── prelude-ls@1.1.2
18 silly currentTree ├── process
18 silly currentTree ├── process-nextick-args@1.0.7
18 silly currentTree ├─┬ proxy-addr
18 silly currentTree │ └── ipaddr.js
18 silly currentTree ├─┬ proxy-agent@2.1.0
18 silly currentTree │ ├── debug@2.6.9
18 silly currentTree │ ├── extend@3.0.1
18 silly currentTree │ └── ms@2.0.0
18 silly currentTree ├── punycode
18 silly currentTree ├── qs
18 silly currentTree ├── range-parser
18 silly currentTree ├── raw-body
18 silly currentTree ├─┬ readable-stream@2.3.3
18 silly currentTree │ ├── inherits@2.0.3
18 silly currentTree │ ├── isarray@1.0.0
18 silly currentTree │ ├── safe-buffer@5.1.1
18 silly currentTree │ └── string_decoder@1.0.3
18 silly currentTree ├── regenerator-runtime
18 silly currentTree ├── request
18 silly currentTree ├── request-promise
18 silly currentTree ├── request-promise-core
18 silly currentTree ├── safe-buffer
18 silly currentTree ├── sax
18 silly currentTree ├── semver@5.0.3
18 silly currentTree ├── send
18 silly currentTree ├── serve-static
18 silly currentTree ├── setprototypeof
18 silly currentTree ├── smart-buffer@1.1.15
18 silly currentTree ├── sntp
18 silly currentTree ├─┬ socks-proxy-agent@2.1.1
18 silly currentTree │ └── extend@3.0.1
18 silly currentTree ├── socks@1.1.10
18 silly currentTree ├── source-map@0.5.7
18 silly currentTree ├─┬ sshpk
18 silly currentTree │ └── assert-plus
18 silly currentTree ├── statuses
18 silly currentTree ├── stealthy-require
18 silly currentTree ├── string_decoder@0.10.31
18 silly currentTree ├── stringstream
18 silly currentTree ├── thunkify@2.1.2
18 silly currentTree ├── tough-cookie
18 silly currentTree ├── tunnel-agent
18 silly currentTree ├── tweetnacl
18 silly currentTree ├── type-check@0.3.2
18 silly currentTree ├── type-is
18 silly currentTree ├── underscore
18 silly currentTree ├── unpipe
18 silly currentTree ├─┬ util
18 silly currentTree │ └── inherits
18 silly currentTree ├── util-deprecate@1.0.2
18 silly currentTree ├── utils-merge
18 silly currentTree ├── uuid
18 silly currentTree ├── vary
18 silly currentTree ├── verror
18 silly currentTree ├── wordwrap@1.0.0
18 silly currentTree ├── xml2js
18 silly currentTree └── xregexp@2.0.0
19 silly idealTree UberOrLyft@1.0.0
19 silly idealTree ├── accepts
19 silly idealTree ├─┬ agent-base@2.1.1
19 silly idealTree │ └── extend@3.0.1
19 silly idealTree ├── ajv
19 silly idealTree ├── array-flatten
19 silly idealTree ├── asn1
19 silly idealTree ├── assert-plus
19 silly idealTree ├── ast-types@0.9.13
19 silly idealTree ├── asynckit
19 silly idealTree ├── aws-sign2
19 silly idealTree ├── aws4
19 silly idealTree ├─┬ babel-polyfill@6.26.0
19 silly idealTree │ ├─┬ babel-runtime@6.26.0
19 silly idealTree │ │ └── regenerator-runtime@0.11.0
19 silly idealTree │ ├── core-js@2.5.1
19 silly idealTree │ └── regenerator-runtime@0.10.5
19 silly idealTree ├── babel-runtime
19 silly idealTree ├── bcrypt-pbkdf
19 silly idealTree ├── bluebird
19 silly idealTree ├─┬ body-parser@1.18.2
19 silly idealTree │ ├── bytes@3.0.0
19 silly idealTree │ ├── content-type@1.0.4
19 silly idealTree │ ├── debug@2.6.9
19 silly idealTree │ ├── depd@1.1.1
19 silly idealTree │ ├── ee-first@1.1.1
19 silly idealTree │ ├── http-errors@1.6.2
19 silly idealTree │ ├── iconv-lite@0.4.19
19 silly idealTree │ ├── inherits@2.0.3
19 silly idealTree │ ├── media-typer@0.3.0
19 silly idealTree │ ├── mime-db@1.30.0
19 silly idealTree │ ├── mime-types@2.1.17
19 silly idealTree │ ├── ms@2.0.0
19 silly idealTree │ ├── on-finished@2.3.0
19 silly idealTree │ ├── qs@6.5.1
19 silly idealTree │ ├── raw-body@2.3.2
19 silly idealTree │ ├── setprototypeof@1.0.3
19 silly idealTree │ ├── statuses@1.3.1
19 silly idealTree │ ├── type-is@1.6.15
19 silly idealTree │ └── unpipe@1.0.0
19 silly idealTree ├── boom
19 silly idealTree ├── bytes
19 silly idealTree ├── caseless
19 silly idealTree ├── co
19 silly idealTree ├── combined-stream
19 silly idealTree ├── content-disposition
19 silly idealTree ├── content-type
19 silly idealTree ├── cookie
19 silly idealTree ├── cookie-signature
19 silly idealTree ├── core-js
19 silly idealTree ├── core-util-is@1.0.2
19 silly idealTree ├── cryptiles
19 silly idealTree ├─┬ dashdash
19 silly idealTree │ └── assert-plus
19 silly idealTree ├── data-uri-to-buffer@1.2.0
19 silly idealTree ├── debug
19 silly idealTree ├── deep-is@0.1.3
19 silly idealTree ├── degenerator@1.0.4
19 silly idealTree ├── delayed-stream
19 silly idealTree ├── depd
19 silly idealTree ├── destroy
19 silly idealTree ├── dotenv
19 silly idealTree ├── ecc-jsbn
19 silly idealTree ├── ee-first
19 silly idealTree ├── ejs@2.5.7
19 silly idealTree ├── encodeurl
19 silly idealTree ├── enumify
19 silly idealTree ├── es6-promise@4.1.1
19 silly idealTree ├── es6-promisify@5.0.0
19 silly idealTree ├── escape-html
19 silly idealTree ├── escodegen@1.9.0
19 silly idealTree ├── esprima@3.1.3
19 silly idealTree ├── estraverse@4.2.0
19 silly idealTree ├── esutils@2.0.2
19 silly idealTree ├── etag
19 silly idealTree ├─┬ express@4.16.1
19 silly idealTree │ ├── accepts@1.3.4
19 silly idealTree │ ├── array-flatten@1.1.1
19 silly idealTree │ ├── content-disposition@0.5.2
19 silly idealTree │ ├── content-type@1.0.4
19 silly idealTree │ ├── cookie-signature@1.0.6
19 silly idealTree │ ├── cookie@0.3.1
19 silly idealTree │ ├── debug@2.6.9
19 silly idealTree │ ├── depd@1.1.1
19 silly idealTree │ ├── destroy@1.0.4
19 silly idealTree │ ├── ee-first@1.1.1
19 silly idealTree │ ├── encodeurl@1.0.1
19 silly idealTree │ ├── escape-html@1.0.3
19 silly idealTree │ ├── etag@1.8.1
19 silly idealTree │ ├── finalhandler@1.1.0
19 silly idealTree │ ├── forwarded@0.1.2
19 silly idealTree │ ├── fresh@0.5.2
19 silly idealTree │ ├─┬ http-errors@1.6.2
19 silly idealTree │ │ └── setprototypeof@1.0.3
19 silly idealTree │ ├── inherits@2.0.3
19 silly idealTree │ ├── ipaddr.js@1.5.2
19 silly idealTree │ ├── media-typer@0.3.0
19 silly idealTree │ ├── merge-descriptors@1.0.1
19 silly idealTree │ ├── methods@1.1.2
19 silly idealTree │ ├── mime-db@1.30.0
19 silly idealTree │ ├── mime-types@2.1.17
19 silly idealTree │ ├── mime@1.4.1
19 silly idealTree │ ├── ms@2.0.0
19 silly idealTree │ ├── negotiator@0.6.1
19 silly idealTree │ ├── on-finished@2.3.0
19 silly idealTree │ ├── parseurl@1.3.2
19 silly idealTree │ ├── path-to-regexp@0.1.7
19 silly idealTree │ ├── proxy-addr@2.0.2
19 silly idealTree │ ├── qs@6.5.1
19 silly idealTree │ ├── range-parser@1.2.0
19 silly idealTree │ ├── safe-buffer@5.1.1
19 silly idealTree │ ├── send@0.16.1
19 silly idealTree │ ├── serve-static@1.13.1
19 silly idealTree │ ├── setprototypeof@1.1.0
19 silly idealTree │ ├── statuses@1.3.1
19 silly idealTree │ ├── type-is@1.6.15
19 silly idealTree │ ├── unpipe@1.0.0
19 silly idealTree │ ├── utils-merge@1.0.1
19 silly idealTree │ └── vary@1.1.2
19 silly idealTree ├── extend
19 silly idealTree ├── extsprintf
19 silly idealTree ├── fast-deep-equal@1.0.0
19 silly idealTree ├── fast-levenshtein@2.0.6
19 silly idealTree ├── file-uri-to-path@1.0.0
19 silly idealTree ├─┬ finalhandler
19 silly idealTree │ └── debug
19 silly idealTree ├── forever-agent
19 silly idealTree ├── form-data
19 silly idealTree ├── forwarded
19 silly idealTree ├── fresh
19 silly idealTree ├─┬ ftp@0.3.10
19 silly idealTree │ ├── inherits@2.0.3
19 silly idealTree │ └── readable-stream@1.1.14
19 silly idealTree ├── geocoder
19 silly idealTree ├─┬ get-uri@2.0.1
19 silly idealTree │ ├── debug@2.6.9
19 silly idealTree │ ├── extend@3.0.1
19 silly idealTree │ └── ms@2.0.0
19 silly idealTree ├─┬ getpass
19 silly idealTree │ └── assert-plus
19 silly idealTree ├── har-schema
19 silly idealTree ├── har-validator
19 silly idealTree ├── hawk
19 silly idealTree ├── hoek
19 silly idealTree ├── http-errors
19 silly idealTree ├─┬ http-proxy-agent@1.0.0
19 silly idealTree │ ├── debug@2.6.9
19 silly idealTree │ ├── extend@3.0.1
19 silly idealTree │ └── ms@2.0.0
19 silly idealTree ├── http-signature
19 silly idealTree ├─┬ https-proxy-agent@1.0.0
19 silly idealTree │ ├── debug@2.6.9
19 silly idealTree │ ├── extend@3.0.1
19 silly idealTree │ └── ms@2.0.0
19 silly idealTree ├── iconv-lite
19 silly idealTree ├── immutable
19 silly idealTree ├── inherits
19 silly idealTree ├── ip@1.1.5
19 silly idealTree ├── ipaddr.js
19 silly idealTree ├── is-typedarray
19 silly idealTree ├── isarray@0.0.1
19 silly idealTree ├── isstream
19 silly idealTree ├── jodid25519
19 silly idealTree ├── jsbn
19 silly idealTree ├── json-schema
19 silly idealTree ├── json-schema-traverse@0.3.1
19 silly idealTree ├─┬ json-stable-stringify
19 silly idealTree │ └── jsonify
19 silly idealTree ├── json-stringify-safe
19 silly idealTree ├── jsonify
19 silly idealTree ├─┬ jsprim
19 silly idealTree │ └── assert-plus
19 silly idealTree ├── levn@0.3.0
19 silly idealTree ├── lodash
19 silly idealTree ├── lru-cache@2.6.5
19 silly idealTree ├─┬ lyft-node@0.0.5
19 silly idealTree │ ├── ajv@5.2.3
19 silly idealTree │ ├── asn1@0.2.3
19 silly idealTree │ ├── assert-plus@1.0.0
19 silly idealTree │ ├── asynckit@0.4.0
19 silly idealTree │ ├── aws-sign2@0.7.0
19 silly idealTree │ ├── aws4@1.6.0
19 silly idealTree │ ├── bcrypt-pbkdf@1.0.1
19 silly idealTree │ ├── bluebird@3.5.1
19 silly idealTree │ ├── boom@4.3.1
19 silly idealTree │ ├── caseless@0.12.0
19 silly idealTree │ ├── co@4.6.0
19 silly idealTree │ ├── combined-stream@1.0.5
19 silly idealTree │ ├─┬ cryptiles@3.1.2
19 silly idealTree │ │ └── boom@5.2.0
19 silly idealTree │ ├── dashdash@1.14.1
19 silly idealTree │ ├── delayed-stream@1.0.0
19 silly idealTree │ ├── dotenv@2.0.0
19 silly idealTree │ ├── ecc-jsbn@0.1.1
19 silly idealTree │ ├── enumify@1.0.4
19 silly idealTree │ ├── extend@3.0.1
19 silly idealTree │ ├── extsprintf@1.3.0
19 silly idealTree │ ├── forever-agent@0.6.1
19 silly idealTree │ ├── form-data@2.3.1
19 silly idealTree │ ├── getpass@0.1.7
19 silly idealTree │ ├── har-schema@2.0.0
19 silly idealTree │ ├── har-validator@5.0.3
19 silly idealTree │ ├── hawk@6.0.2
19 silly idealTree │ ├── hoek@4.2.0
19 silly idealTree │ ├── http-signature@1.2.0
19 silly idealTree │ ├── immutable@3.8.1
19 silly idealTree │ ├── is-typedarray@1.0.0
19 silly idealTree │ ├── isstream@0.1.2
19 silly idealTree │ ├── jsbn@0.1.1
19 silly idealTree │ ├── json-schema@0.2.3
19 silly idealTree │ ├── json-stable-stringify@1.0.1
19 silly idealTree │ ├── json-stringify-safe@5.0.1
19 silly idealTree │ ├── jsonify@0.0.0
19 silly idealTree │ ├── jsprim@1.4.1
19 silly idealTree │ ├── lodash@4.17.4
19 silly idealTree │ ├── mime-db@1.30.0
19 silly idealTree │ ├── mime-types@2.1.17
19 silly idealTree │ ├── oauth-sign@0.8.2
19 silly idealTree │ ├── performance-now@2.1.0
19 silly idealTree │ ├── punycode@1.4.1
19 silly idealTree │ ├── qs@6.5.1
19 silly idealTree │ ├── request-promise-core@1.1.1
19 silly idealTree │ ├── request-promise@4.1.1
19 silly idealTree │ ├── request@2.83.0
19 silly idealTree │ ├── safe-buffer@5.1.1
19 silly idealTree │ ├── sntp@2.0.2
19 silly idealTree │ ├── sshpk@1.13.1
19 silly idealTree │ ├── stealthy-require@1.1.1
19 silly idealTree │ ├── stringstream@0.0.5
19 silly idealTree │ ├── tough-cookie@2.3.3
19 silly idealTree │ ├── tunnel-agent@0.6.0
19 silly idealTree │ ├── tweetnacl@0.14.5
19 silly idealTree │ ├── uuid@3.1.0
19 silly idealTree │ └── verror@1.10.0
19 silly idealTree ├── media-typer
19 silly idealTree ├── merge-descriptors
19 silly idealTree ├── methods
19 silly idealTree ├── mime
19 silly idealTree ├── mime-db
19 silly idealTree ├── mime-types
19 silly idealTree ├── ms
19 silly idealTree ├── negotiator
19 silly idealTree ├── netmask@1.0.6
19 silly idealTree ├─┬ node-uber@2.0.0
19 silly idealTree │ ├── ajv@5.2.3
19 silly idealTree │ ├── asn1@0.2.3
19 silly idealTree │ ├── assert-plus@1.0.0
19 silly idealTree │ ├── asynckit@0.4.0
19 silly idealTree │ ├── aws-sign2@0.7.0
19 silly idealTree │ ├── aws4@1.6.0
19 silly idealTree │ ├── bcrypt-pbkdf@1.0.1
19 silly idealTree │ ├── bluebird@3.5.1
19 silly idealTree │ ├── boom@4.3.1
19 silly idealTree │ ├── caseless@0.12.0
19 silly idealTree │ ├── co@4.6.0
19 silly idealTree │ ├── combined-stream@1.0.5
19 silly idealTree │ ├─┬ cryptiles@3.1.2
19 silly idealTree │ │ └── boom@5.2.0
19 silly idealTree │ ├── dashdash@1.14.1
19 silly idealTree │ ├── delayed-stream@1.0.0
19 silly idealTree │ ├── ecc-jsbn@0.1.1
19 silly idealTree │ ├── extend@3.0.1
19 silly idealTree │ ├── extsprintf@1.3.0
19 silly idealTree │ ├── forever-agent@0.6.1
19 silly idealTree │ ├── form-data@2.3.1
19 silly idealTree │ ├── geocoder@0.2.3
19 silly idealTree │ ├── getpass@0.1.7
19 silly idealTree │ ├── har-schema@2.0.0
19 silly idealTree │ ├── har-validator@5.0.3
19 silly idealTree │ ├── hawk@6.0.2
19 silly idealTree │ ├── hoek@4.2.0
19 silly idealTree │ ├── http-signature@1.2.0
19 silly idealTree │ ├── is-typedarray@1.0.0
19 silly idealTree │ ├── isstream@0.1.2
19 silly idealTree │ ├── jsbn@0.1.1
19 silly idealTree │ ├── json-schema@0.2.3
19 silly idealTree │ ├── json-stable-stringify@1.0.1
19 silly idealTree │ ├── json-stringify-safe@5.0.1
19 silly idealTree │ ├── jsonify@0.0.0
19 silly idealTree │ ├── jsprim@1.4.1
19 silly idealTree │ ├── mime-db@1.30.0
19 silly idealTree │ ├── mime-types@2.1.17
19 silly idealTree │ ├── oauth-sign@0.8.2
19 silly idealTree │ ├── oauth@0.9.15
19 silly idealTree │ ├── performance-now@2.1.0
19 silly idealTree │ ├── punycode@1.4.1
19 silly idealTree │ ├── qs@6.5.1
19 silly idealTree │ ├── request@2.83.0
19 silly idealTree │ ├── safe-buffer@5.1.1
19 silly idealTree │ ├── sax@1.2.4
19 silly idealTree │ ├── sntp@2.0.2
19 silly idealTree │ ├── sshpk@1.13.1
19 silly idealTree │ ├── stringstream@0.0.5
19 silly idealTree │ ├── tough-cookie@2.3.3
19 silly idealTree │ ├── tunnel-agent@0.6.0
19 silly idealTree │ ├── tweetnacl@0.14.5
19 silly idealTree │ ├── underscore@1.3.3
19 silly idealTree │ ├── uuid@3.1.0
19 silly idealTree │ ├── verror@1.10.0
19 silly idealTree │ └── xml2js@0.2.0
19 silly idealTree ├── oauth
19 silly idealTree ├── oauth-sign
19 silly idealTree ├── on-finished
19 silly idealTree ├── optionator@0.8.2
19 silly idealTree ├─┬ pac-proxy-agent@2.0.0
19 silly idealTree │ ├── bytes@3.0.0
19 silly idealTree │ ├── debug@2.6.9
19 silly idealTree │ ├── depd@1.1.1
19 silly idealTree │ ├── http-errors@1.6.2
19 silly idealTree │ ├── iconv-lite@0.4.19
19 silly idealTree │ ├── inherits@2.0.3
19 silly idealTree │ ├── ms@2.0.0
19 silly idealTree │ ├── raw-body@2.3.2
19 silly idealTree │ ├── setprototypeof@1.0.3
19 silly idealTree │ ├─┬ socks-proxy-agent@3.0.1
19 silly idealTree │ │ └── agent-base@4.1.1
19 silly idealTree │ ├── statuses@1.3.1
19 silly idealTree │ └── unpipe@1.0.0
19 silly idealTree ├─┬ pac-resolver@3.0.0
19 silly idealTree │ └── co@4.6.0
19 silly idealTree ├── parseurl
19 silly idealTree ├── path-to-regexp
19 silly idealTree ├─┬ path@0.12.7
19 silly idealTree │ ├── inherits@2.0.1
19 silly idealTree │ ├── process@0.11.10
19 silly idealTree │ └── util@0.10.3
19 silly idealTree ├── performance-now
19 silly idealTree ├── prelude-ls@1.1.2
19 silly idealTree ├── process
19 silly idealTree ├── process-nextick-args@1.0.7
19 silly idealTree ├─┬ proxy-addr
19 silly idealTree │ └── ipaddr.js
19 silly idealTree ├─┬ proxy-agent@2.1.0
19 silly idealTree │ ├── debug@2.6.9
19 silly idealTree │ ├── extend@3.0.1
19 silly idealTree │ └── ms@2.0.0
19 silly idealTree ├── punycode
19 silly idealTree ├── qs
19 silly idealTree ├── range-parser
19 silly idealTree ├── raw-body
19 silly idealTree ├─┬ readable-stream@2.3.3
19 silly idealTree │ ├── inherits@2.0.3
19 silly idealTree │ ├── isarray@1.0.0
19 silly idealTree │ ├── safe-buffer@5.1.1
19 silly idealTree │ └── string_decoder@1.0.3
19 silly idealTree ├── regenerator-runtime
19 silly idealTree ├── request
19 silly idealTree ├── request-promise
19 silly idealTree ├── request-promise-core
19 silly idealTree ├── safe-buffer
19 silly idealTree ├── sax
19 silly idealTree ├── semver@5.0.3
19 silly idealTree ├── send
19 silly idealTree ├── serve-static
19 silly idealTree ├── setprototypeof
19 silly idealTree ├── smart-buffer@1.1.15
19 silly idealTree ├── sntp
19 silly idealTree ├─┬ socks-proxy-agent@2.1.1
19 silly idealTree │ └── extend@3.0.1
19 silly idealTree ├── socks@1.1.10
19 silly idealTree ├── source-map@0.5.7
19 silly idealTree ├─┬ sshpk
19 silly idealTree │ └── assert-plus
19 silly idealTree ├── statuses
19 silly idealTree ├── stealthy-require
19 silly idealTree ├── string_decoder@0.10.31
19 silly idealTree ├── stringstream
19 silly idealTree ├── thunkify@2.1.2
19 silly idealTree ├── tough-cookie
19 silly idealTree ├── tunnel-agent
19 silly idealTree ├── tweetnacl
19 silly idealTree ├── type-check@0.3.2
19 silly idealTree ├── type-is
19 silly idealTree ├── underscore
19 silly idealTree ├── unpipe
19 silly idealTree ├─┬ util
19 silly idealTree │ └── inherits
19 silly idealTree ├── util-deprecate@1.0.2
19 silly idealTree ├── utils-merge
19 silly idealTree ├── uuid
19 silly idealTree ├── vary
19 silly idealTree ├── verror
19 silly idealTree ├── wordwrap@1.0.0
19 silly idealTree ├── xml2js
19 silly idealTree └── xregexp@2.0.0
20 silly generateActionsToTake Starting
21 silly dedupe generateActionsToTake
22 silly hoist Starting
23 silly hoist Finishing
24 silly sort-actions Starting
25 silly sort-actions Finishing
26 silly generateActionsToTake Finishing
27 silly diffTrees action count 2
28 silly diffTrees move assert-plus
29 silly diffTrees move inherits
30 silly decomposeActions action count 40
31 silly decomposeActions move assert-plus
32 silly decomposeActions build assert-plus
33 silly decomposeActions install assert-plus
34 silly decomposeActions postinstall assert-plus
35 silly decomposeActions test assert-plus
36 silly decomposeActions move debug
37 silly decomposeActions build debug
38 silly decomposeActions install debug
39 silly decomposeActions postinstall debug
40 silly decomposeActions test debug
41 silly decomposeActions move assert-plus
42 silly decomposeActions build assert-plus
43 silly decomposeActions install assert-plus
44 silly decomposeActions postinstall assert-plus
45 silly decomposeActions test assert-plus
46 silly decomposeActions move jsonify
47 silly decomposeActions build jsonify
48 silly decomposeActions install jsonify
49 silly decomposeActions postinstall jsonify
50 silly decomposeActions test jsonify
51 silly decomposeActions move assert-plus
52 silly decomposeActions build assert-plus
53 silly decomposeActions install assert-plus
54 silly decomposeActions postinstall assert-plus
55 silly decomposeActions test assert-plus
56 silly decomposeActions move ipaddr.js
57 silly decomposeActions build ipaddr.js
58 silly decomposeActions install ipaddr.js
59 silly decomposeActions postinstall ipaddr.js
60 silly decomposeActions test ipaddr.js
61 silly decomposeActions move assert-plus
62 silly decomposeActions build assert-plus
63 silly decomposeActions install assert-plus
64 silly decomposeActions postinstall assert-plus
65 silly decomposeActions test assert-plus
66 silly decomposeActions move inherits
67 silly decomposeActions build inherits
68 silly decomposeActions install inherits
69 silly decomposeActions postinstall inherits
70 silly decomposeActions test inherits
71 silly runTopLevelLifecycles Starting
72 silly executeActions Starting
73 silly install executeActions
74 silly doSerial global-install 0
75 silly doParallel fetch 0
76 verbose correctMkdir /Users/jonlucadecaro/.npm/_locks correctMkdir not in flight; initializing
77 verbose lock using /Users/jonlucadecaro/.npm/_locks/staging-b18146087bdd8569.lock for /Users/jonlucadecaro/Documents/Websites/UberOrLyft/node_modules/.staging
78 silly doParallel extract 0
79 silly doParallel preinstall 0
80 silly doReverseSerial remove 0
81 silly doSerial move 8
82 silly move /Users/jonlucadecaro/Documents/Websites/UberOrLyft/node_modules/dashdash/node_modules/assert-plus /Users/jonlucadecaro/Documents/Websites/UberOrLyft/node_modules/assert-plus
83 info lifecycle undefined~preuninstall: undefined
84 verbose stack TypeError: Cannot read property 'length' of undefined
84 verbose stack     at _incorrectWorkingDirectory (/Users/jonlucadecaro/.nvm/versions/node/v6.11.3/lib/node_modules/npm/lib/utils/lifecycle.js:87:59)
84 verbose stack     at /Users/jonlucadecaro/.nvm/versions/node/v6.11.3/lib/node_modules/npm/lib/utils/lifecycle.js:64:39
84 verbose stack     at /Users/jonlucadecaro/.nvm/versions/node/v6.11.3/lib/node_modules/npm/lib/utils/lifecycle.js:163:12
84 verbose stack     at /Users/jonlucadecaro/.nvm/versions/node/v6.11.3/lib/node_modules/npm/node_modules/graceful-fs/polyfills.js:267:18
84 verbose stack     at FSReqWrap.oncomplete (fs.js:123:15)
85 verbose cwd /Users/jonlucadecaro/Documents/Websites/UberOrLyft
86 error Darwin 17.2.0
87 error argv "/Users/jonlucadecaro/.nvm/versions/node/v6.11.3/bin/node" "/Users/jonlucadecaro/.nvm/versions/node/v6.11.3/bin/npm" "dedupe"
88 error node v6.11.3
89 error npm  v3.10.10
90 error Cannot read property 'length' of undefined
91 error If you need help, you may report this error at:
91 error     <https://github.com/npm/npm/issues>
92 verbose exit [ 1, true ]
